[debug] > Exec(;set _root_.scala.collection.Seq(historyPath := None,shellPrompt := { _ => "" },SettingKey[_root_.scala.Option[_root_.sbt.File]]("sbtStructureOutputFile") in _root_.sbt.Global := _root_.scala.Some(_root_.sbt.file("/private/var/folders/tk/xrnn_2mx15s22zf9gfnz587c0000gn/T/sbt-structure.xml")),SettingKey[_root_.java.lang.String]("sbtStructureOptions") in _root_.sbt.Global := "download, resolveClassifiers");apply -cp "/Users/giovanniantonioni/Library/Application Support/JetBrains/Toolbox/apps/IDEA-U/ch-0/223.8836.41/IntelliJ IDEA.app.plugins/Scala/repo/org/jetbrains/scala/sbt-structure-extractor_2.12_1.0/2022.3.1/sbt-structure-extractor-2022.3.1.jar" org.jetbrains.sbt.CreateTasks;preferScala2;*/*:dumpStructure, Some(8b88f1e9-c36e-4f90-ac82-27db78b9c0fa), Some(CommandSource(console0)))
[debug] > Exec(set _root_.scala.collection.Seq(historyPath := None,shellPrompt := { _ => "" },SettingKey[_root_.scala.Option[_root_.sbt.File]]("sbtStructureOutputFile") in _root_.sbt.Global := _root_.scala.Some(_root_.sbt.file("/private/var/folders/tk/xrnn_2mx15s22zf9gfnz587c0000gn/T/sbt-structure.xml")),SettingKey[_root_.java.lang.String]("sbtStructureOptions") in _root_.sbt.Global := "download, resolveClassifiers"), None, Some(CommandSource(console0)))
[info] Defining Global / sbtStructureOptions, Global / sbtStructureOutputFile and 1 others.
[info] The new values will be used by cleanKeepGlobs
[info] 	Run `last` for details.
[debug] Defining 
[debug] 	Global / sbtStructureOptions
[debug] 	Global / sbtStructureOutputFile
[debug] 	history
[debug] 	shellPrompt
[debug] 
[debug] The new values will be used by 
[debug] 	cleanKeepGlobs
[info] Reapplying settings...
[info] set current project to pps-code-lab-3 (in build file:/Users/giovanniantonioni/Desktop/Università/Magistrale/PPS/lab/pps-22-23-lab03/)
[debug] > Exec(apply -cp "/Users/giovanniantonioni/Library/Application Support/JetBrains/Toolbox/apps/IDEA-U/ch-0/223.8836.41/IntelliJ IDEA.app.plugins/Scala/repo/org/jetbrains/scala/sbt-structure-extractor_2.12_1.0/2022.3.1/sbt-structure-extractor-2022.3.1.jar" org.jetbrains.sbt.CreateTasks, None, Some(CommandSource(console0)))
[info] Applying State transformations org.jetbrains.sbt.CreateTasks from /Users/giovanniantonioni/Library/Application Support/JetBrains/Toolbox/apps/IDEA-U/ch-0/223.8836.41/IntelliJ IDEA.app.plugins/Scala/repo/org/jetbrains/scala/sbt-structure-extractor_2.12_1.0/2022.3.1/sbt-structure-extractor-2022.3.1.jar
[info] Reapplying settings...
[info] set current project to pps-code-lab-3 (in build file:/Users/giovanniantonioni/Desktop/Università/Magistrale/PPS/lab/pps-22-23-lab03/)
[debug] > Exec(preferScala2, None, Some(CommandSource(console0)))
[debug] > Exec(*/*:dumpStructure, None, Some(CommandSource(console0)))
[debug] Evaluating tasks: Global / dumpStructure
[warn] sbt 0.13 shell syntax is deprecated; use slash syntax instead: Global / dumpStructure
[debug] Running task... Cancel: Signal, check cycles: false, forcegc: true
[warn] scala3-library_3-3.2.2-sources.jar no longer exists at /home/gianluca/.cache/coursier/v1/https/repo1.maven.org/maven2/org/scala-lang/scala3-library_3/3.2.2/scala3-library_3-3.2.2-sources.jar
[info] shutting down sbt server
